<?xml version="1.0" encoding="UTF-8"?>
<testng-results ignored="0" total="1" passed="0" failed="1" skipped="0">
  <reporter-output>
  </reporter-output>
  <suite started-at="2023-11-16T19:16:35 IST" name="Default suite" finished-at="2023-11-16T19:18:08 IST" duration-ms="93275">
    <groups>
    </groups>
    <test started-at="2023-11-16T19:16:35 IST" name="Default test" finished-at="2023-11-16T19:18:08 IST" duration-ms="93275">
      <class name="com.GuestUserWith_Checkout_Paypal.tc__OnlyGiftCards_CheckoutPaypal_GuestUser">
        <test-method is-config="true" signature="setUpforReport()[pri:0, instance:com.GuestUserWith_Checkout_Paypal.tc__OnlyGiftCards_CheckoutPaypal_GuestUser@640cc04b]" started-at="2023-11-16T19:16:31 IST" name="setUpforReport" finished-at="2023-11-16T19:16:35 IST" duration-ms="3396" status="PASS">
          <reporter-output>
          </reporter-output>
        </test-method> <!-- setUpforReport -->
        <test-method is-config="true" signature="setUp()[pri:0, instance:com.GuestUserWith_Checkout_Paypal.tc__OnlyGiftCards_CheckoutPaypal_GuestUser@640cc04b]" started-at="2023-11-16T19:16:35 IST" name="setUp" finished-at="2023-11-16T19:16:37 IST" duration-ms="2062" status="PASS">
          <reporter-output>
          </reporter-output>
        </test-method> <!-- setUp -->
        <test-method signature="OnlyGiftCards()[pri:0, instance:com.GuestUserWith_Checkout_Paypal.tc__OnlyGiftCards_CheckoutPaypal_GuestUser@640cc04b]" started-at="2023-11-16T19:16:37 IST" name="OnlyGiftCards" finished-at="2023-11-16T19:18:04 IST" duration-ms="87701" status="FAIL">
          <exception class="java.lang.IllegalArgumentException">
            <message>
              <![CDATA[bound must be positive]]>
            </message>
            <full-stacktrace>
              <![CDATA[java.lang.IllegalArgumentException: bound must be positive
at java.base/java.util.Random.nextInt(Random.java:322)
at com.commonfunctionality.allAddress.ShippingAddressAndShippingMethod(allAddress.java:119)
at com.paymentProccess.MinicartViewCartProcess.checkoutprocess(MinicartViewCartProcess.java:82)
at com.GuestUserWith_Checkout_Paypal.tc__OnlyGiftCards_CheckoutPaypal_GuestUser.OnlyGiftCards(tc__OnlyGiftCards_CheckoutPaypal_GuestUser.java:33)
at java.base/jdk.internal.reflect.NativeMethodAccessorImpl.invoke0(Native Method)
at java.base/jdk.internal.reflect.NativeMethodAccessorImpl.invoke(NativeMethodAccessorImpl.java:77)
at java.base/jdk.internal.reflect.DelegatingMethodAccessorImpl.invoke(DelegatingMethodAccessorImpl.java:43)
at java.base/java.lang.reflect.Method.invoke(Method.java:568)
at org.testng.internal.invokers.MethodInvocationHelper.invokeMethod(MethodInvocationHelper.java:139)
at org.testng.internal.invokers.TestInvoker.invokeMethod(TestInvoker.java:677)
at org.testng.internal.invokers.TestInvoker.invokeTestMethod(TestInvoker.java:221)
at org.testng.internal.invokers.MethodRunner.runInSequence(MethodRunner.java:50)
at org.testng.internal.invokers.TestInvoker$MethodInvocationAgent.invoke(TestInvoker.java:969)
at org.testng.internal.invokers.TestInvoker.invokeTestMethods(TestInvoker.java:194)
at org.testng.internal.invokers.TestMethodWorker.invokeTestMethods(TestMethodWorker.java:148)
at org.testng.internal.invokers.TestMethodWorker.run(TestMethodWorker.java:128)
at java.base/java.util.ArrayList.forEach(ArrayList.java:1511)
at org.testng.TestRunner.privateRun(TestRunner.java:829)
at org.testng.TestRunner.run(TestRunner.java:602)
at org.testng.SuiteRunner.runTest(SuiteRunner.java:437)
at org.testng.SuiteRunner.runSequentially(SuiteRunner.java:431)
at org.testng.SuiteRunner.privateRun(SuiteRunner.java:391)
at org.testng.SuiteRunner.run(SuiteRunner.java:330)
at org.testng.SuiteRunnerWorker.runSuite(SuiteRunnerWorker.java:52)
at org.testng.SuiteRunnerWorker.run(SuiteRunnerWorker.java:95)
at org.testng.TestNG.runSuitesSequentially(TestNG.java:1256)
at org.testng.TestNG.runSuitesLocally(TestNG.java:1176)
at org.testng.TestNG.runSuites(TestNG.java:1099)
at org.testng.TestNG.run(TestNG.java:1067)
at org.testng.remote.AbstractRemoteTestNG.run(AbstractRemoteTestNG.java:115)
at org.testng.remote.RemoteTestNG.initAndRun(RemoteTestNG.java:251)
at org.testng.remote.RemoteTestNG.main(RemoteTestNG.java:77)
]]>
            </full-stacktrace>
          </exception> <!-- java.lang.IllegalArgumentException -->
          <reporter-output>
          </reporter-output>
        </test-method> <!-- OnlyGiftCards -->
        <test-method is-config="true" signature="afterMethod(org.testng.ITestResult)[pri:0, instance:com.GuestUserWith_Checkout_Paypal.tc__OnlyGiftCards_CheckoutPaypal_GuestUser@640cc04b]" started-at="2023-11-16T19:18:04 IST" name="afterMethod" finished-at="2023-11-16T19:18:08 IST" duration-ms="3466" status="PASS">
          <params>
            <param index="0">
              <value>
                <![CDATA[[TestResult name=OnlyGiftCards status=FAILURE method=tc__OnlyGiftCards_CheckoutPaypal_GuestUser.OnlyGiftCards()[pri:0, instance:com.GuestUserWith_Checkout_Paypal.tc__OnlyGiftCards_CheckoutPaypal_GuestUser@640cc04b] output={null}]]]>
              </value>
            </param>
          </params>
          <reporter-output>
          </reporter-output>
        </test-method> <!-- afterMethod -->
      </class> <!-- com.GuestUserWith_Checkout_Paypal.tc__OnlyGiftCards_CheckoutPaypal_GuestUser -->
    </test> <!-- Default test -->
  </suite> <!-- Default suite -->
</testng-results>
